<?xml version="1.0" encoding="UTF-8"?>
<!-- Generated by org.testng.reporters.JUnitReportReporter -->
<testsuite hostname="THIRU" failures="0" tests="15" name="day35.Invocationcounts" time="30.696" errors="0" timestamp="2024-02-18T11:33:22 IST" skipped="0">
  <testcase classname="day35.Invocationcounts" name="openapp" time="2.352"/>
  <testcase classname="day35.Invocationcounts" name="openapp" time="2.433"/>
  <testcase classname="day35.Invocationcounts" name="openapp" time="1.738"/>
  <testcase classname="day35.Invocationcounts" name="openapp" time="1.642"/>
  <testcase classname="day35.Invocationcounts" name="openapp" time="1.606"/>
  <testcase classname="day35.Invocationcounts" name="openapp" time="2.277"/>
  <testcase classname="day35.Invocationcounts" name="openapp" time="1.528"/>
  <testcase classname="day35.Invocationcounts" name="openapp" time="2.874"/>
  <testcase classname="day35.Invocationcounts" name="openapp" time="2.332"/>
  <testcase classname="day35.Invocationcounts" name="openapp" time="1.647"/>
  <testcase classname="day35.Invocationcounts" name="openapp" time="2.270"/>
  <testcase classname="day35.Invocationcounts" name="openapp" time="1.730"/>
  <testcase classname="day35.Invocationcounts" name="openapp" time="2.393"/>
  <testcase classname="day35.Invocationcounts" name="openapp" time="2.369"/>
  <testcase classname="day35.Invocationcounts" name="openapp" time="1.505"/>
</testsuite> <!-- day35.Invocationcounts -->
