<?xml version="1.0" encoding="UTF-8"?>
<!-- Generated by org.testng.reporters.JUnitReportReporter -->
<testsuite hostname="THIRU" failures="0" tests="3" name="day34.Groupings" time="0.010" errors="0" timestamp="2024-02-18T11:30:37 IST" skipped="0">
  <testcase classname="day34.Groupings" name="loginBytwitter" time="0.001"/>
  <testcase classname="day34.Groupings" name="loginByfacebook" time="0.007"/>
  <testcase classname="day34.Groupings" name="paymentindollar" time="0.002"/>
</testsuite> <!-- day34.Groupings -->
