<?xml version="1.0" encoding="UTF-8"?>
<!-- Generated by org.testng.reporters.JUnitReportReporter -->
<testsuite hostname="THIRU" failures="0" tests="2" name="day33.Annotationsdemo1" time="0.014" errors="0" timestamp="2024-02-15T22:00:16 IST" skipped="0">
  <testcase classname="day33.Annotationsdemo1" name="Search" time="0.006"/>
  <testcase classname="day33.Annotationsdemo1" name="Advsearch" time="0.008"/>
</testsuite> <!-- day33.Annotationsdemo1 -->
