<?xml version="1.0" encoding="UTF-8"?>
<!-- Generated by org.testng.reporters.JUnitReportReporter -->
<testsuite hostname="THIRU" failures="0" tests="2" name="day33.Allannotation" time="0.008" errors="0" timestamp="2024-02-15T23:13:20 IST" skipped="0">
  <testcase classname="day33.Allannotation" name="search" time="0.006"/>
  <testcase classname="day33.Allannotation" name="Advsearch" time="0.002"/>
</testsuite> <!-- day33.Allannotation -->
