<?xml version="1.0" encoding="UTF-8"?>
<!-- Generated by org.testng.reporters.JUnitReportReporter -->
<testsuite hostname="THIRU" failures="0" tests="2" name="day33.Annotationsdemo2" time="0.006" errors="0" timestamp="2024-02-15T22:04:24 IST" skipped="0">
  <testcase classname="day33.Annotationsdemo2" name="Search" time="0.005"/>
  <testcase classname="day33.Annotationsdemo2" name="Advsearch" time="0.001"/>
</testsuite> <!-- day33.Annotationsdemo2 -->
