<?xml version="1.0" encoding="UTF-8"?>
<!-- Generated by org.testng.reporters.JUnitReportReporter -->
<testsuite hostname="THIRU" failures="0" tests="2" name="day33.pack1.Class12" time="0.003" errors="0" timestamp="2024-02-15T22:51:03 IST" skipped="0">
  <testcase classname="day33.pack1.Class12" name="xyz" time="0.001"/>
  <testcase classname="day33.pack1.Class12" name="xyz" time="0.002"/>
</testsuite> <!-- day33.pack1.Class12 -->
