<?xml version="1.0" encoding="UTF-8"?>
<!-- Generated by org.testng.reporters.JUnitReportReporter -->
<testsuite hostname="THIRU" failures="0" tests="3" name="day32.Thirdtestng" time="0.003" errors="0" timestamp="2024-02-15T23:27:55 IST" skipped="0">
  <testcase classname="day32.Thirdtestng" name="test3" time="0.000"/>
  <testcase classname="day32.Thirdtestng" name="test1" time="0.002"/>
  <testcase classname="day32.Thirdtestng" name="test2" time="0.001"/>
</testsuite> <!-- day32.Thirdtestng -->
