<?xml version="1.0" encoding="UTF-8"?>
<!-- Generated by org.testng.reporters.JUnitReportReporter -->
<testsuite hostname="THIRU" failures="0" tests="3" name="day32.Firsttestngk" time="0.008" errors="0" timestamp="2024-02-15T08:05:09 IST" skipped="0">
  <testcase classname="day32.Firsttestngk" name="openapp" time="0.006"/>
  <testcase classname="day32.Firsttestngk" name="login" time="0.001"/>
  <testcase classname="day32.Firsttestngk" name="logout" time="0.001"/>
</testsuite> <!-- day32.Firsttestngk -->
