<?xml version="1.0" encoding="UTF-8"?>
<!-- Generated by org.testng.reporters.JUnitReportReporter -->
<testsuite hostname="THIRU" failures="0" tests="2" name="day33.pack1.Class11" time="0.005" errors="0" timestamp="2024-02-15T22:51:03 IST" skipped="0">
  <testcase classname="day33.pack1.Class11" name="abc" time="0.001"/>
  <testcase classname="day33.pack1.Class11" name="abc" time="0.004"/>
</testsuite> <!-- day33.pack1.Class11 -->
